<?xml version="1.0" encoding="UTF-8"?>
<testsuite xmlns:xsi="http://www.w3.org/2001/XMLSchema-instance" xsi:noNamespaceSchemaLocation="https://maven.apache.org/surefire/maven-surefire-plugin/xsd/surefire-test-report.xsd" name="site.nomoreparties.stellarburgers.ChangeUserDataTest" time="7.271" tests="2" errors="0" skipped="0" failures="0">
  <properties>
[...]
</properties>
  <testcase name="userDataShouldChangeWithAuth" classname="site.nomoreparties.stellarburgers.ChangeUserDataTest" time="6.519"/>
  <testcase name="userDataShouldNotChangeWithoutAuth" classname="site.nomoreparties.stellarburgers.ChangeUserDataTest" time="0.566"/>
</testsuite>